<?xml version="1.0" encoding="UTF-8"?>
<!-- Generated by org.testng.reporters.JUnitReportReporter -->
<testsuite hostname="LAPTOP-SHANE-SEPTEMBER" failures="0" tests="1" name="com.crm.qa.testcases.HomePageTest" time="31.183" errors="0" timestamp="2023-01-04T14:04:09 CAT" skipped="0">
  <testcase classname="com.crm.qa.testcases.HomePageTest" name="homePageTest" time="31.183"/>
  <system-out/>
</testsuite> <!-- com.crm.qa.testcases.HomePageTest -->
