<?xml version="1.0" encoding="UTF-8"?>
<!-- Generated by org.testng.reporters.JUnitReportReporter -->
<testsuite hostname="LAPTOP-SHANE-SEPTEMBER" failures="0" tests="1" name="com.crm.qa.testcases.ContactPageTest" time="26.760" errors="0" timestamp="2023-01-03T16:46:23 CAT" skipped="0">
  <testcase classname="com.crm.qa.testcases.ContactPageTest" name="contactPageValidated" time="26.760"/>
  <system-out/>
</testsuite> <!-- com.crm.qa.testcases.ContactPageTest -->
