<?xml version="1.0" encoding="UTF-8"?>
<!-- Generated by org.testng.reporters.JUnitReportReporter -->
<testsuite hostname="LAPTOP-SHANE-SEPTEMBER" failures="0" tests="1" name="com.crm.qa.testcases.LandingPageTest" time="39.608" errors="0" timestamp="2023-01-20T11:16:35 CAT" skipped="0">
  <testcase classname="com.crm.qa.testcases.LandingPageTest" name="productSelectedTest" time="39.608"/>
  <system-out/>
</testsuite> <!-- com.crm.qa.testcases.LandingPageTest -->
