<?xml version="1.0" encoding="UTF-8"?>
<!-- Generated by org.testng.reporters.JUnitReportReporter -->
<testsuite hostname="LAPTOP-SHANE-SEPTEMBER" failures="0" tests="3" name="com.crm.qa.testcases.NewContactPageTest" time="116.960" errors="0" timestamp="2023-01-03T11:58:26 CAT" skipped="0">
  <testcase classname="com.crm.qa.testcases.NewContactPageTest" name="addNewContact" time="36.940"/>
  <system-out/>
  <testcase classname="com.crm.qa.testcases.NewContactPageTest" name="addNewContact" time="34.936"/>
  <system-out/>
  <testcase classname="com.crm.qa.testcases.NewContactPageTest" name="addNewContact" time="45.084"/>
  <system-out/>
</testsuite> <!-- com.crm.qa.testcases.NewContactPageTest -->
