<?xml version="1.0" encoding="UTF-8"?>
<!-- Generated by org.testng.reporters.JUnitReportReporter -->
<testsuite hostname="LAPTOP-SHANE-SEPTEMBER" failures="0" tests="1" name="com.crm.qa.testcases.StarWarsAPITest" time="4.863" errors="0" timestamp="2023-01-20T05:49:56 CAT" skipped="0">
  <testcase classname="com.crm.qa.testcases.StarWarsAPITest" name="HeroValidation" time="4.863"/>
  <system-out/>
</testsuite> <!-- com.crm.qa.testcases.StarWarsAPITest -->
