<?xml version="1.0" encoding="UTF-8"?>
<!-- Generated by org.testng.reporters.JUnitReportReporter -->
<testsuite hostname="LAPTOP-SHANE-SEPTEMBER" failures="0" tests="1" name="com.crm.qa.testcases.ContactPageTest" time="32.310" errors="0" timestamp="2023-01-04T16:36:06 CAT" skipped="0">
  <testcase classname="com.crm.qa.testcases.ContactPageTest" name="contactPageValidated" time="32.310"/>
  <system-out/>
</testsuite> <!-- com.crm.qa.testcases.ContactPageTest -->
