<?xml version="1.0" encoding="UTF-8"?>
<!-- Generated by org.testng.reporters.JUnitReportReporter -->
<testsuite hostname="LAPTOP-SHANE-SEPTEMBER" failures="0" tests="3" name="com.crm.qa.testcases.LoginPageTest" time="42.692" errors="0" timestamp="2023-01-04T16:36:06 CAT" skipped="0">
  <testcase classname="com.crm.qa.testcases.LoginPageTest" name="loginPageTitleTest" time="8.970"/>
  <system-out/>
  <testcase classname="com.crm.qa.testcases.LoginPageTest" name="crmLogoImageTest" time="10.473"/>
  <system-out/>
  <testcase classname="com.crm.qa.testcases.LoginPageTest" name="loginCRMTest" time="23.249"/>
  <system-out/>
</testsuite> <!-- com.crm.qa.testcases.LoginPageTest -->
