<?xml version="1.0" encoding="UTF-8"?>
<!-- Generated by org.testng.reporters.JUnitReportReporter -->
<testsuite hostname="LAPTOP-SHANE-SEPTEMBER" failures="0" tests="4" name="com.crm.qa.testcases.NewContactPageTest" time="136.375" errors="0" timestamp="2023-01-04T16:36:06 CAT" skipped="0">
  <testcase classname="com.crm.qa.testcases.NewContactPageTest" name="addNewContact" time="34.282"/>
  <system-out/>
  <testcase classname="com.crm.qa.testcases.NewContactPageTest" name="addNewContact" time="32.446"/>
  <system-out/>
  <testcase classname="com.crm.qa.testcases.NewContactPageTest" name="addNewContacts" time="36.865"/>
  <system-out/>
  <testcase classname="com.crm.qa.testcases.NewContactPageTest" name="addNewContact" time="32.782"/>
  <system-out/>
</testsuite> <!-- com.crm.qa.testcases.NewContactPageTest -->
